This is METAFONT, Version 2.7182818 (TeX Live 2016/Arch Linux) (preloaded base=mf 2017.1.20)  6 APR 2017 13:52
**\mode:=ljfour; mag:=0+480/600; nonstopmode; input cmr10
(/usr/share/texmf-dist/fonts/source/public/cm/cmr10.mf
(/usr/share/texmf-dist/fonts/source/public/cm/cmbase.mf)
(/usr/share/texmf-dist/fonts/source/public/cm/roman.mf
(/usr/share/texmf-dist/fonts/source/public/cm/romanu.mf [65] [66]
! Interruption.
<to be read again> 
                   0
l.71 if serifs: beginchar("C",13u#,cap_height#,0
                                                );
? 
! Emergency stop.
<to be read again> 
                   0
l.71 if serifs: beginchar("C",13u#,cap_height#,0
                                                );
End of file on the terminal!

Font metrics written on cmr10.tfm.
Output written on cmr10.480gf (2 characters, 452 bytes).
